<?xml version="1.0" encoding="UTF-8"?>
<!-- Generated by org.testng.reporters.JUnitReportReporter -->
<testsuite skipped="0" hostname="LAPTOP-BBNMMLDQ" name="com.jacoco.test.DemoTest" tests="2" failures="0" timestamp="2022-02-03T07:11:18 PST" time="0.045" errors="0">
  <testcase name="demoTest1" time="0.000" classname="com.jacoco.test.DemoTest"/>
  <system-out/>
  <testcase name="demoTest" time="0.045" classname="com.jacoco.test.DemoTest"/>
  <system-out/>
</testsuite> <!-- com.jacoco.test.DemoTest -->
